MTP/app/build/intermediates/manifest_merge_blame_file/debug/manifest-merger-blame-debug-report.txt
1<?xml version="1.0" encoding="utf-8"?>
2<manifest xmlns:android="http://schemas.android.com/apk/res/android"
3    package="com.bahriatownpowerdivision.ehsan.mtp"
4    android:versionCode="1"
5    android:versionName="1.1" >
6
7    <uses-sdk
7-->src\main\AndroidManifest.xml:5:5-71
8        android:maxSdkVersion="29"
8-->src\main\AndroidManifest.xml:5:42-68
9        android:minSdkVersion="14"
9-->src\main\AndroidManifest.xml:5:15-41
10        android:targetSdkVersion="30" />
10-->src\main\AndroidManifest.xml:5:5-71
11
12    <uses-permission android:name="android.permission.WRITE_EXTERNAL_STORAGE" />
12-->src\main\AndroidManifest.xml:6:5-81
12-->src\main\AndroidManifest.xml:6:22-78
13    <uses-permission android:name="android.permission.READ_EXTERNAL_STORAGE" />
13-->src\main\AndroidManifest.xml:7:5-80
13-->src\main\AndroidManifest.xml:7:22-77
14    <uses-permission android:name="android.permission.INTERNET" />
14-->src\main\AndroidManifest.xml:8:5-66
14-->src\main\AndroidManifest.xml:8:22-64
15    <uses-permission android:name="android.permission.CAMERA" />
15-->src\main\AndroidManifest.xml:9:5-65
15-->src\main\AndroidManifest.xml:9:22-62
16    <uses-permission android:name="android.permission.ACCESS_WIFI_STATE" />
16-->src\main\AndroidManifest.xml:10:5-75
16-->src\main\AndroidManifest.xml:10:22-73
17    <uses-permission android:name="android.permission.CALL_PHONE" />
17-->src\main\AndroidManifest.xml:11:5-68
17-->src\main\AndroidManifest.xml:11:22-66
18
19    <uses-feature android:name="android.hardware.camera.autofocus" />
19-->src\main\AndroidManifest.xml:12:5-70
19-->src\main\AndroidManifest.xml:12:19-67
20
21    <uses-permission android:name="android.permission.ACCESS_FINE_LOCATION" />
21-->src\main\AndroidManifest.xml:13:5-78
21-->src\main\AndroidManifest.xml:13:22-76
22    <uses-permission android:name="android.permission.ACCESS_COARSE_LOCATION" />
22-->src\main\AndroidManifest.xml:14:5-80
22-->src\main\AndroidManifest.xml:14:22-78
23
24    <uses-feature android:name="android.hardware.camera" />
24-->src\main\AndroidManifest.xml:15:5-60
24-->src\main\AndroidManifest.xml:15:19-57
25
26    <uses-permission android:name="android.permission.MANAGE_EXTERNAL_STORAGE" />
26-->src\main\AndroidManifest.xml:16:5-81
26-->src\main\AndroidManifest.xml:16:22-79
27
28    <application
28-->src\main\AndroidManifest.xml:18:5-64:19
29        android:name="android.support.multidex.MultiDexApplication"
30        android:allowBackup="false"
30-->src\main\AndroidManifest.xml:19:9-36
31        android:configChanges="screenLayout|orientation|screenSize"
31-->src\main\AndroidManifest.xml:24:9-68
32        android:debuggable="true"
33        android:icon="@mipmap/ic_launcher"
33-->src\main\AndroidManifest.xml:20:8-42
34        android:label="BTPL MR"
34-->src\main\AndroidManifest.xml:21:9-32
35        android:manageSpaceActivity=".MainActivity"
35-->src\main\AndroidManifest.xml:23:9-52
36        android:requestLegacyExternalStorage="true"
36-->src\main\AndroidManifest.xml:22:9-52
37        android:screenOrientation="portrait"
37-->src\main\AndroidManifest.xml:26:9-45
38        android:testOnly="true"
39        android:theme="@style/AppTheme" >
39-->src\main\AndroidManifest.xml:25:9-40
40
41        <!-- android:configChanges="orientation|screenSize" -->
42        <activity
42-->src\main\AndroidManifest.xml:28:9-35:20
43            android:name="com.bahriatownpowerdivision.ehsan.mtp.MainActivity"
43-->src\main\AndroidManifest.xml:29:13-41
44            android:label="BTPL MR" >
44-->src\main\AndroidManifest.xml:30:13-36
45            <intent-filter>
45-->src\main\AndroidManifest.xml:31:13-34:29
46                <action android:name="android.intent.action.MAIN" />
46-->src\main\AndroidManifest.xml:32:17-69
46-->src\main\AndroidManifest.xml:32:25-66
47
48                <category android:name="android.intent.category.LAUNCHER" />
48-->src\main\AndroidManifest.xml:33:17-77
48-->src\main\AndroidManifest.xml:33:27-74
49            </intent-filter>
50        </activity>
51
52        <provider
52-->src\main\AndroidManifest.xml:38:9-46:20
53            android:name="android.support.v4.content.FileProvider"
53-->src\main\AndroidManifest.xml:39:13-67
54            android:authorities="com.bahriatownpowerdivision.ehsan.mtp"
54-->src\main\AndroidManifest.xml:40:13-72
55            android:exported="false"
55-->src\main\AndroidManifest.xml:41:13-37
56            android:grantUriPermissions="true" >
56-->src\main\AndroidManifest.xml:42:13-47
57            <meta-data
57-->src\main\AndroidManifest.xml:43:13-45:64
58                android:name="android.support.FILE_PROVIDER_PATHS"
58-->src\main\AndroidManifest.xml:44:17-67
59                android:resource="@xml/file_paths" />
59-->src\main\AndroidManifest.xml:45:17-51
60        </provider>
61
62        <activity android:name="com.bahriatownpowerdivision.ehsan.mtp.DetailActivity" />
62-->src\main\AndroidManifest.xml:48:9-52
62-->src\main\AndroidManifest.xml:48:19-49
63        <activity android:name="com.bahriatownpowerdivision.ehsan.mtp.byMeter" />
63-->src\main\AndroidManifest.xml:49:9-44
63-->src\main\AndroidManifest.xml:49:19-42
64        <activity android:name="com.bahriatownpowerdivision.ehsan.mtp.bySerial" />
64-->src\main\AndroidManifest.xml:50:9-46
64-->src\main\AndroidManifest.xml:50:19-44
65        <activity android:name="com.bahriatownpowerdivision.ehsan.mtp.byrefrence" />
65-->src\main\AndroidManifest.xml:51:9-48
65-->src\main\AndroidManifest.xml:51:19-45
66        <activity android:name="com.bahriatownpowerdivision.ehsan.mtp.checkreport" />
66-->src\main\AndroidManifest.xml:52:9-48
66-->src\main\AndroidManifest.xml:52:19-46
67        <activity android:name="com.bahriatownpowerdivision.ehsan.mtp.bybatch" />
67-->src\main\AndroidManifest.xml:53:9-44
67-->src\main\AndroidManifest.xml:53:19-42
68        <activity android:name="com.bahriatownpowerdivision.ehsan.mtp.newc" />
68-->src\main\AndroidManifest.xml:54:9-51
68-->src\main\AndroidManifest.xml:54:19-39
69        <activity android:name="com.bahriatownpowerdivision.ehsan.mtp.importdata" />
69-->src\main\AndroidManifest.xml:55:9-47
69-->src\main\AndroidManifest.xml:55:19-45
70        <activity android:name="com.bahriatownpowerdivision.ehsan.mtp.Exportdata" />
70-->src\main\AndroidManifest.xml:56:9-47
70-->src\main\AndroidManifest.xml:56:19-45
71        <activity android:name="com.bahriatownpowerdivision.ehsan.mtp.configuration" />
71-->src\main\AndroidManifest.xml:57:9-60
71-->src\main\AndroidManifest.xml:57:19-48
72        <activity android:name="com.bahriatownpowerdivision.ehsan.mtp.aboutapp" />
72-->src\main\AndroidManifest.xml:58:9-45
72-->src\main\AndroidManifest.xml:58:19-43
73        <activity android:name="com.bahriatownpowerdivision.ehsan.mtp.help" />
73-->src\main\AndroidManifest.xml:59:9-41
73-->src\main\AndroidManifest.xml:59:19-39
74        <activity android:name="com.bahriatownpowerdivision.ehsan.mtp.counter" />
74-->src\main\AndroidManifest.xml:60:9-54
74-->src\main\AndroidManifest.xml:60:19-42
75        <activity android:name="com.bahriatownpowerdivision.ehsan.mtp.checkreport2" />
75-->src\main\AndroidManifest.xml:61:9-59
75-->src\main\AndroidManifest.xml:61:19-47
76        <activity android:name="com.bahriatownpowerdivision.ehsan.mtp.developer" />
76-->src\main\AndroidManifest.xml:62:9-46
76-->src\main\AndroidManifest.xml:62:19-44
77        />
78        <activity
78-->[com.karumi:dexter:4.2.0] AndroidManifest.xml:27:9-29:72
79            android:name="com.karumi.dexter.DexterActivity"
79-->[com.karumi:dexter:4.2.0] AndroidManifest.xml:28:13-60
80            android:theme="@style/Dexter.Internal.Theme.Transparent" />
80-->[com.karumi:dexter:4.2.0] AndroidManifest.xml:29:13-69
81
82        <meta-data
82-->[com.android.support:design:26.1.0] AndroidManifest.xml:26:9-28:38
83            android:name="android.support.VERSION"
83-->[com.android.support:design:26.1.0] AndroidManifest.xml:27:13-51
84            android:value="26.1.0" />
84-->[com.android.support:design:26.1.0] AndroidManifest.xml:28:13-35
85        <meta-data
85-->[android.arch.lifecycle:runtime:1.0.0] AndroidManifest.xml:25:9-27:47
86            android:name="android.arch.lifecycle.VERSION"
86-->[android.arch.lifecycle:runtime:1.0.0] AndroidManifest.xml:26:13-58
87            android:value="27.0.0-SNAPSHOT" />
87-->[android.arch.lifecycle:runtime:1.0.0] AndroidManifest.xml:27:13-44
88    </application>
89
90</manifest>